c:\nighthawk_git\osabstract\solution\osa\debug\vc141.pdb
c:\nighthawk_git\buildoutputs\osabstract\debug\object\osatimewin.obj
c:\nighthawk_git\buildoutputs\osabstract\debug\object\osathreadswin.obj
c:\nighthawk_git\buildoutputs\osabstract\debug\object\osasyncwin.obj
c:\nighthawk_git\buildoutputs\osabstract\debug\object\osastringwin.obj
c:\nighthawk_git\buildoutputs\osabstract\debug\object\osasocketwin.obj
c:\nighthawk_git\buildoutputs\osabstract\debug\object\osamsgqwin.obj
c:\nighthawk_git\buildoutputs\osabstract\debug\object\osamemwin.obj
c:\nighthawk_git\buildoutputs\osabstract\debug\object\osalist.obj
c:\nighthawk_git\buildoutputs\osabstract\debug\object\osaiphelperwin.obj
c:\nighthawk_git\buildoutputs\osabstract\debug\object\osainitwin.obj
c:\nighthawk_git\buildoutputs\osabstract\debug\object\osahardware.obj
c:\nighthawk_git\buildoutputs\osabstract\debug\object\osafilewin.obj
c:\nighthawk_git\buildoutputs\osabstract\debug\object\osaerrorwin.obj
c:\nighthawk_git\buildoutputs\osabstract\debug\object\osaerror.obj
c:\nighthawk_git\buildoutputs\osabstract\debug\object\osaassert.obj
c:\nighthawk_git\buildoutputs\osabstract\debug\osabstract.ilk
c:\nighthawk_git\buildoutputs\osabstract\debug\osabstract.dll
c:\nighthawk_git\buildoutputs\osabstract\debug\osabstract.pdb
c:\nighthawk_git\buildoutputs\osabstract\debug\osabstract.lib
c:\nighthawk_git\buildoutputs\osabstract\debug\osabstract.exp
c:\nighthawk_git\osabstract\solution\..\..\buildoutputs\osabstract\debug\osabstract.pdb
c:\nighthawk_git\osabstract\solution\..\..\buildoutputs\osabstract\debug\osabstract.dll
c:\nighthawk_git\osabstract\solution\..\..\buildoutputs\osabstract\debug\osabstract.ilk
c:\nighthawk_git\osabstract\solution\osa\debug\osabstract.tlog\cl.9320.write.1.tlog
c:\nighthawk_git\osabstract\solution\osa\debug\osabstract.tlog\cl.command.1.tlog
c:\nighthawk_git\osabstract\solution\osa\debug\osabstract.tlog\cl.read.1.tlog
c:\nighthawk_git\osabstract\solution\osa\debug\osabstract.tlog\link.1740-cvtres.write.1.tlog
c:\nighthawk_git\osabstract\solution\osa\debug\osabstract.tlog\link.command.1.tlog
c:\nighthawk_git\osabstract\solution\osa\debug\osabstract.tlog\link.read.1.tlog
c:\nighthawk_git\osabstract\solution\osa\debug\osabstract.tlog\osabstract.write.1u.tlog
